<?xml version="1.0" encoding="UTF-8"?>
<testsuite xmlns:xsi="http://www.w3.org/2001/XMLSchema-instance" xsi:noNamespaceSchemaLocation="https://maven.apache.org/surefire/maven-surefire-plugin/xsd/surefire-test-report-3.0.xsd" version="3.0" name="com.ezcerts.app.TestPdfGenerationTest" time="5.64" tests="1" errors="0" skipped="0" failures="0">
  <properties>
[...]
</properties>
  <testcase name="testPdfs" classname="com.ezcerts.app.TestPdfGenerationTest" time="0.837">
    <system-out><![CDATA[22:07:29.966 [main] INFO org.springframework.test.context.support.AnnotationConfigContextLoaderUtils -- Could not detect default configuration classes for test class [com.ezcerts.app.TestPdfGenerationTest]: TestPdfGenerationTest does not declare any static, non-private, non-final, nested classes annotated with @Configuration.
22:07:30.038 [main] INFO org.springframework.boot.test.context.SpringBootTestContextBootstrapper -- Found @SpringBootConfiguration com.ezcerts.app.EzCertsApplication for test class com.ezcerts.app.TestPdfGenerationTest

  .   ____          _            __ _ _
 /\\ / ___'_ __ _ _(_)_ __  __ _ \ \ \ \
( ( )\___ | '_ | '_| | '_ \/ _` | \ \ \ \
 \\/  ___)| |_)| | | | | || (_| |  ) ) ) )
  '  |____| .__|_| |_|_| |_\__, | / / / /
 =========|_|==============|___/=/_/_/_/
 :: Spring Boot ::                (v3.2.6)

2026-05-19T22:07:30.347-05:00  INFO 56808 --- [           main] com.ezcerts.app.TestPdfGenerationTest    : Starting TestPdfGenerationTest using Java 17.0.12 with PID 56808 (started by kevin in C:\Users\kevin\OneDrive\Escritorio\SpringBoot--Practicas\Ez-Certs)
2026-05-19T22:07:30.348-05:00  INFO 56808 --- [           main] com.ezcerts.app.TestPdfGenerationTest    : No active profile set, falling back to 1 default profile: "default"
2026-05-19T22:07:30.930-05:00  INFO 56808 --- [           main] .s.d.r.c.RepositoryConfigurationDelegate : Bootstrapping Spring Data JPA repositories in DEFAULT mode.
2026-05-19T22:07:30.990-05:00  INFO 56808 --- [           main] .s.d.r.c.RepositoryConfigurationDelegate : Finished Spring Data repository scanning in 49 ms. Found 4 JPA repository interfaces.
2026-05-19T22:07:31.459-05:00  INFO 56808 --- [           main] o.hibernate.jpa.internal.util.LogHelper  : HHH000204: Processing PersistenceUnitInfo [name: default]
2026-05-19T22:07:31.504-05:00  INFO 56808 --- [           main] org.hibernate.Version                    : HHH000412: Hibernate ORM core version 6.4.8.Final
2026-05-19T22:07:31.532-05:00  INFO 56808 --- [           main] o.h.c.internal.RegionFactoryInitiator    : HHH000026: Second-level cache disabled
2026-05-19T22:07:31.787-05:00  INFO 56808 --- [           main] o.s.o.j.p.SpringPersistenceUnitInfo      : No LoadTimeWeaver setup: ignoring JPA class transformer
2026-05-19T22:07:31.818-05:00  INFO 56808 --- [           main] com.zaxxer.hikari.HikariDataSource       : HikariPool-1 - Starting...
2026-05-19T22:07:31.968-05:00  INFO 56808 --- [           main] com.zaxxer.hikari.pool.HikariPool        : HikariPool-1 - Added connection com.mysql.cj.jdbc.ConnectionImpl@1d6713dd
2026-05-19T22:07:31.971-05:00  INFO 56808 --- [           main] com.zaxxer.hikari.HikariDataSource       : HikariPool-1 - Start completed.
2026-05-19T22:07:31.991-05:00  WARN 56808 --- [           main] org.hibernate.orm.deprecation            : HHH90000025: MySQL8Dialect does not need to be specified explicitly using 'hibernate.dialect' (remove the property setting and it will be selected by default)
2026-05-19T22:07:31.992-05:00  WARN 56808 --- [           main] org.hibernate.orm.deprecation            : HHH90000026: MySQL8Dialect has been deprecated; use org.hibernate.dialect.MySQLDialect instead
2026-05-19T22:07:32.686-05:00  INFO 56808 --- [           main] o.h.e.t.j.p.i.JtaPlatformInitiator       : HHH000489: No JTA platform available (set 'hibernate.transaction.jta.platform' to enable JTA platform integration)
2026-05-19T22:07:32.749-05:00  INFO 56808 --- [           main] j.LocalContainerEntityManagerFactoryBean : Initialized JPA EntityManagerFactory for persistence unit 'default'
2026-05-19T22:07:33.079-05:00  INFO 56808 --- [           main] o.s.d.j.r.query.QueryEnhancerFactory     : Hibernate is in classpath; If applicable, HQL parser will be used.
2026-05-19T22:07:34.303-05:00  INFO 56808 --- [           main] o.s.s.web.DefaultSecurityFilterChain     : Will secure any request with [org.springframework.security.web.session.DisableEncodeUrlFilter@aba4a33, org.springframework.security.web.context.request.async.WebAsyncManagerIntegrationFilter@1bb1ba54, org.springframework.security.web.context.SecurityContextHolderFilter@6121b045, org.springframework.security.web.header.HeaderWriterFilter@63793f16, org.springframework.web.filter.CorsFilter@25727f74, org.springframework.security.web.csrf.CsrfFilter@5a720cdf, org.springframework.security.web.authentication.logout.LogoutFilter@1bc6a43c, org.springframework.security.web.authentication.UsernamePasswordAuthenticationFilter@4b95fdf2, org.springframework.security.web.savedrequest.RequestCacheAwareFilter@2b46d238, org.springframework.security.web.servletapi.SecurityContextHolderAwareRequestFilter@6364d449, org.springframework.security.web.authentication.AnonymousAuthenticationFilter@6999dca2, org.springframework.security.web.access.ExceptionTranslationFilter@1b9075c9, org.springframework.security.web.access.intercept.AuthorizationFilter@4170ee0f]
2026-05-19T22:07:34.630-05:00  INFO 56808 --- [           main] com.ezcerts.app.TestPdfGenerationTest    : Started TestPdfGenerationTest in 4.476 seconds (process running for 5.136)
TESTING: INGRESOS
HTML GENERATED!
EXITO: INGRESOS
TESTING: EXPERIENCIA
HTML GENERATED!
EXITO: EXPERIENCIA
TESTING: ESTUDIOS
HTML GENERATED!
EXITO: ESTUDIOS
]]></system-out>
  </testcase>
</testsuite>